<?xml version="1.0" encoding="UTF-8"?>
<!-- Generated by org.testng.reporters.JUnitReportReporter -->
<testsuite hostname="DESKTOP-KJO7TA2" failures="0" tests="1" name="com.TestCases.TC_001" time="6.402" errors="0" timestamp="2022-09-09T18:04:45 IST" skipped="0">
  <testcase classname="com.TestCases.TC_001" name="login" time="6.402"/>
  <system-out/>
</testsuite> <!-- com.TestCases.TC_001 -->
