<?xml version="1.0" encoding="UTF-8"?>
<!-- Generated by org.testng.reporters.JUnitReportReporter -->
<testsuite hostname="DESKTOP-KJO7TA2" failures="0" tests="1" name="com.swaglabs.TestCases.SampleTestCase" time="0.004" errors="0" timestamp="2022-09-26T17:24:10 IST" skipped="0">
  <testcase classname="com.swaglabs.TestCases.SampleTestCase" name="f" time="0.004"/>
  <system-out/>
</testsuite> <!-- com.swaglabs.TestCases.SampleTestCase -->
